Arguments: 
  /home/siddhant/.nvm/versions/node/v18.15.0/bin/node /home/siddhant/.nvm/versions/node/v18.15.0/bin/yarn init

PATH: 
  /home/siddhant/.nvm/versions/node/v18.15.0/bin:/home/siddhant/.yarn/bin:/home/siddhant/anaconda3/condabin:/home/siddhant/.cargo/bin:/home/siddhant/.local/bin:/usr/local/sbin:/usr/local/bin:/usr/sbin:/usr/bin:/sbin:/bin:/usr/games:/usr/local/games:/snap/bin:/snap/bin:/home/siddhant/.dotnet/tools:/usr/local/go/bin:/home/siddhant/Android/Sdk/tools:/home/siddhant/Android/Sdk/emulator:/home/siddhant/Android/Sdk/platform-tools

Yarn version: 
  1.22.19

Node version: 
  18.15.0

Platform: 
  linux x64

Trace: 
  Error: canceled
      at Interface.<anonymous> (/home/siddhant/.nvm/versions/node/v18.15.0/lib/node_modules/yarn/lib/cli.js:137150:13)
      at Interface.emit (node:events:513:28)
      at [_ttyWrite] [as _ttyWrite] (node:internal/readline/interface:1131:18)
      at ReadStream.onkeypress (node:internal/readline/interface:270:20)
      at ReadStream.emit (node:events:513:28)
      at emitKeys (node:internal/readline/utils:357:14)
      at emitKeys.next (<anonymous>)
      at ReadStream.onData (node:internal/readline/emitKeypressEvents:64:36)
      at ReadStream.emit (node:events:513:28)
      at addChunk (node:internal/streams/readable:324:12)

npm manifest: 
  {
    "name": "backend",
    "version": "1.0.0",
    "main": "dist/app.js",
    "author": "Siddhant Deshmukh",
    "license": "MIT",
    "scripts": {
      "build": "npx tsc",
      "start": "node dist/app.js",
      "dev": "concurrently \"npx tsc --watch\" \"nodemon -q dist/app.js\"",
      "build-prod": "cd client && npm install &&  cd .. && npm install",
      "both": "concurrently \"npx tsc --watch\" \"nodemon -q dist/app.js\" \" cd ../frontend && yarn run dev \" "
    },
    "dependencies": {
      "dotenv": "^16.1.3",
      "express": "^4.18.2",
      "mongoose": "^7.2.2"
    },
    "devDependencies": {
      "@types/express": "^4.17.17",
      "concurrently": "^8.1.0",
      "nodemon": "^2.0.22",
      "typescript": "^5.1.3"
    }
  }

yarn manifest: 
  No manifest

Lockfile: 
  No lockfile
